<?xml version="1.0" encoding="UTF-8"?>
<testsuite name="Phonebook.tests.LoginTests" tests="1" skipped="0" failures="0" errors="0" timestamp="2025-11-13T08:49:12.833Z" hostname="ALEX" time="1.777">
  <properties/>
  <testcase name="loginPositiveTest[0](gorlum007user@gmail.com, TestTest007!)" classname="Phonebook.tests.LoginTests" time="1.777"/>
  <system-out><![CDATA[09:49:12.816 [Test worker] INFO  Phonebook.core.TestBase -- Start test loginPositiveTest with data: [gorlum007user@gmail.com, TestTest007!]
09:49:14.614 [Test worker] INFO  Phonebook.core.TestBase -- PASSED: loginPositiveTest
09:49:14.614 [Test worker] INFO  Phonebook.core.TestBase -- Stop test
09:49:14.614 [Test worker] INFO  Phonebook.core.TestBase -- **************************************************
]]></system-out>
  <system-err><![CDATA[]]></system-err>
</testsuite>
